Determining if the pthread_create exist failed with the following output:
Change Dir: /auto/fsg/romer3/controls/whirlybird_ws/build/CMakeFiles/CMakeTmp

Run Build Command:"/usr/bin/make" "cmTC_3df28/fast"
/usr/bin/make -f CMakeFiles/cmTC_3df28.dir/build.make CMakeFiles/cmTC_3df28.dir/build
make[1]: Entering directory '/auto/fsg/romer3/controls/whirlybird_ws/build/CMakeFiles/CMakeTmp'
Building C object CMakeFiles/cmTC_3df28.dir/CheckSymbolExists.c.o
/usr/bin/cc     -o CMakeFiles/cmTC_3df28.dir/CheckSymbolExists.c.o   -c /auto/fsg/romer3/controls/whirlybird_ws/build/CMakeFiles/CMakeTmp/CheckSymbolExists.c
Linking C executable cmTC_3df28
/usr/bin/cmake -E cmake_link_script CMakeFiles/cmTC_3df28.dir/link.txt --verbose=1
/usr/bin/cc       CMakeFiles/cmTC_3df28.dir/CheckSymbolExists.c.o  -o cmTC_3df28 -rdynamic 
CMakeFiles/cmTC_3df28.dir/CheckSymbolExists.c.o: In function `main':
CheckSymbolExists.c:(.text+0x16): undefined reference to `pthread_create'
collect2: error: ld returned 1 exit status
CMakeFiles/cmTC_3df28.dir/build.make:97: recipe for target 'cmTC_3df28' failed
make[1]: *** [cmTC_3df28] Error 1
make[1]: Leaving directory '/auto/fsg/romer3/controls/whirlybird_ws/build/CMakeFiles/CMakeTmp'
Makefile:126: recipe for target 'cmTC_3df28/fast' failed
make: *** [cmTC_3df28/fast] Error 2

File /auto/fsg/romer3/controls/whirlybird_ws/build/CMakeFiles/CMakeTmp/CheckSymbolExists.c:
/* */
#include <pthread.h>

int main(int argc, char** argv)
{
  (void)argv;
#ifndef pthread_create
  return ((int*)(&pthread_create))[argc];
#else
  (void)argc;
  return 0;
#endif
}

Determining if the function pthread_create exists in the pthreads failed with the following output:
Change Dir: /auto/fsg/romer3/controls/whirlybird_ws/build/CMakeFiles/CMakeTmp

Run Build Command:"/usr/bin/make" "cmTC_0fc9e/fast"
/usr/bin/make -f CMakeFiles/cmTC_0fc9e.dir/build.make CMakeFiles/cmTC_0fc9e.dir/build
make[1]: Entering directory '/auto/fsg/romer3/controls/whirlybird_ws/build/CMakeFiles/CMakeTmp'
Building C object CMakeFiles/cmTC_0fc9e.dir/CheckFunctionExists.c.o
/usr/bin/cc    -DCHECK_FUNCTION_EXISTS=pthread_create   -o CMakeFiles/cmTC_0fc9e.dir/CheckFunctionExists.c.o   -c /usr/share/cmake-3.5/Modules/CheckFunctionExists.c
Linking C executable cmTC_0fc9e
/usr/bin/cmake -E cmake_link_script CMakeFiles/cmTC_0fc9e.dir/link.txt --verbose=1
/usr/bin/cc   -DCHECK_FUNCTION_EXISTS=pthread_create    CMakeFiles/cmTC_0fc9e.dir/CheckFunctionExists.c.o  -o cmTC_0fc9e -rdynamic -lpthreads 
/usr/bin/ld: cannot find -lpthreads
collect2: error: ld returned 1 exit status
CMakeFiles/cmTC_0fc9e.dir/build.make:97: recipe for target 'cmTC_0fc9e' failed
make[1]: *** [cmTC_0fc9e] Error 1
make[1]: Leaving directory '/auto/fsg/romer3/controls/whirlybird_ws/build/CMakeFiles/CMakeTmp'
Makefile:126: recipe for target 'cmTC_0fc9e/fast' failed
make: *** [cmTC_0fc9e/fast] Error 2


